Lmod has detected the following error: The following module(s) are unknown:
"miniconda/3.12.80"

Please check the spelling or version number. Also try "module spider ..."
It is also possible your cache file is out-of-date; it may help to try:
  $ module --ignore_cache load "miniconda/3.12.80"

Also make sure that all modulefiles written in TCL start with the string
#%Module



===================================================================================
SLURM Job ID:            11965837
Submit time:             Mon Apr 07 00:42:44 BST 2025 (Unix Epoch time: 1743982964)
Start time:              Mon Apr 07 00:43:08 BST 2025 (Unix Epoch time: 1743982988)
No. nodes:               1
No. tasks:               16
Job name:                assignment3
Account:                 teaching
QoS:                     teaching
Partition (queue):       teaching
Submit directory:        /users/xeb20122/PH510/Assignment 3
Script name:             /users/xeb20122/PH510/Assignment 3/jobscript_assignment3.sh
Master node:             wee12
Nodes used:              wee12
Task distribution:       
===================================================================================


--------------------------------------------------------------------
Your code has been rated at 10.00/10 (previous run: 10.00/10, +0.00)

Test Case 1: n-dimension sphere 

2D sphere: 

Exact volume: 3.141593
MC estimate: 3.140499 +/- 0.0000001257
Relative error: 0.03%

Parallel Timing:
Volume: 0.2986 seconds 
 

3D sphere: 

Exact volume: 4.188790
MC estimate: 4.188991 +/- 0.0000001676
Relative error: 0.00%

Parallel Timing:
Volume: 0.4228 seconds 
 

4D sphere: 

Exact volume: 4.934802
MC estimate: 4.931960 +/- 0.0000001974
Relative error: 0.06%

Parallel Timing:
Volume: 0.5137 seconds 
 

5D sphere: 

Exact volume: 5.263789
MC estimate: 5.259827 +/- 0.0000002105
Relative error: 0.08%

Parallel Timing:
Volume: 0.6048 seconds 
 

Test Case 2: Gaussian Integration: 

1D Gaussian sigma = 1.0 and x0 = 0 

Exact Gaussian: 1.0
MC estimate: 1.000042 +/- 0.000055
Variance: 0.298946

Parallel Timing:
Integral: 0.9234 seconds 
 

1D Gaussian sigma = 2.0 and x0 = 2.0 

Exact Gaussian: 1.0
MC estimate: 0.999738 +/- 0.000177
Variance: 3.144345

Parallel Timing:
Integral: 0.9183 seconds 
 

1D Gaussian sigma = 3.0 and x0 = 1.0 

Exact Gaussian: 1.0
MC estimate: 1.000224 +/- 0.000124
Variance: 1.538659

Parallel Timing:
Integral: 0.9052 seconds 
 

6D Gaussian sigma = [1.0, 1.0, 2.0, 1.0, 2.0, 2.0] and x0 = [0, 1, 0, 1, 0, 1] 

Exact Gaussian: 1.0
MC estimate: 1.000393 +/- 0.000741
Variance: 54.906012

Parallel Timing:
Integral: 3.7925 seconds 
 

6D Gaussian sigma = [3.0, 2.0, 3.0, 1.0, 3.0, 1.0] and x0 = [-1, 0, 1, -1, -1, 1] 

Exact Gaussian: 1.0
MC estimate: 0.998682 +/- 0.001347
Variance: 181.404983

Parallel Timing:
Integral: 3.8283 seconds 
 

6D Gaussian sigma = [2.0, 3.0, 3.0, 3.0, 1.0, 2.0] and x0 = [1, -1, 0, 1, 0, 0] 

Exact Gaussian: 1.0
MC estimate: 1.000425 +/- 0.000806
Variance: 64.992424

Parallel Timing:
Integral: 3.8032 seconds 
 

===================================================================================
SLURM job 11965837 ended:     Mon Apr 07 00:43:48 BST 2025 (Unix Epoch time: 1743983028)
This is an estimated end time using the 'date' command from node wee12.hpc.strath.ac.uk
For accurate timings, use 'sacct -j 11965837 -X --format=Submit,Start,End,Elapsed'
======================================================================================
/tmp/slurmd/job11965837/slurm_script: line 57: ------------------------------------------------------: command not found
